<?xml version="1.0" encoding="UTF-8"?>
<!-- Generated by org.testng.reporters.JUnitReportReporter -->
<testsuite skipped="0" hostname="DESKTOP-78D4HDH" name="basicsTestNG.TestNGAnnotations" tests="2" failures="0" timestamp="05 Oct 2018 00:12:51 GMT" time="0.011" errors="0">
  <testcase name="testB" time="0.004" classname="basicsTestNG.TestNGAnnotations"/>
  <testcase name="testA" time="0.007" classname="basicsTestNG.TestNGAnnotations"/>
</testsuite> <!-- basicsTestNG.TestNGAnnotations -->
