<?xml version="1.0" encoding="UTF-8"?>
<!-- Generated by org.testng.reporters.JUnitReportReporter -->
<testsuite skipped="0" hostname="DESKTOP-78D4HDH" name="basicsTestNG.TestNGInvocation" tests="11" failures="0" timestamp="05 Oct 2018 04:33:57 GMT" time="3.026" errors="1">
  <testcase name="testA1" time="0.002" classname="basicsTestNG.TestNGInvocation"/>
  <testcase name="testA1" time="0.007" classname="basicsTestNG.TestNGInvocation"/>
  <testcase name="testA1" time="0.004" classname="basicsTestNG.TestNGInvocation"/>
  <testcase name="testA2" time="3.002" classname="basicsTestNG.TestNGInvocation">
    <error type="org.testng.internal.thread.ThreadTimeoutException" message="Method basicsTestNG.TestNGInvocation.testA2() didn&#039;t finish within the time-out 3000">
      <![CDATA[org.testng.internal.thread.ThreadTimeoutException: Method basicsTestNG.TestNGInvocation.testA2() didn't finish within the time-out 3000
at java.lang.Thread.sleep(Native Method)
at basicsTestNG.TestNGInvocation.testA2(TestNGInvocation.java:13)
at sun.reflect.NativeMethodAccessorImpl.invoke0(Native Method)
at sun.reflect.NativeMethodAccessorImpl.invoke(NativeMethodAccessorImpl.java:62)
at sun.reflect.DelegatingMethodAccessorImpl.invoke(DelegatingMethodAccessorImpl.java:43)
at java.lang.reflect.Method.invoke(Method.java:498)
at org.testng.internal.MethodInvocationHelper.invokeMethod(MethodInvocationHelper.java:124)
at org.testng.internal.InvokeMethodRunnable.runOne(InvokeMethodRunnable.java:54)
at org.testng.internal.InvokeMethodRunnable.run(InvokeMethodRunnable.java:40)
at java.util.concurrent.Executors$RunnableAdapter.call(Executors.java:511)
at java.util.concurrent.FutureTask.run(FutureTask.java:266)
at java.util.concurrent.ThreadPoolExecutor.runWorker(ThreadPoolExecutor.java:1149)
at java.util.concurrent.ThreadPoolExecutor$Worker.run(ThreadPoolExecutor.java:624)
at java.lang.Thread.run(Thread.java:748)
]]>
    </error>
  </testcase> <!-- testA2 -->
  <testcase name="testA1" time="0.002" classname="basicsTestNG.TestNGInvocation"/>
  <testcase name="testA1" time="0.002" classname="basicsTestNG.TestNGInvocation"/>
  <testcase name="testA1" time="0.000" classname="basicsTestNG.TestNGInvocation"/>
  <testcase name="testA1" time="0.001" classname="basicsTestNG.TestNGInvocation"/>
  <testcase name="testA1" time="0.002" classname="basicsTestNG.TestNGInvocation"/>
  <testcase name="testA1" time="0.002" classname="basicsTestNG.TestNGInvocation"/>
  <testcase name="testA1" time="0.002" classname="basicsTestNG.TestNGInvocation"/>
</testsuite> <!-- basicsTestNG.TestNGInvocation -->
