<?xml version="1.0" encoding="UTF-8"?>
<!-- Generated by org.testng.reporters.JUnitReportReporter -->
<testsuite skipped="1" hostname="DESKTOP-78D4HDH" name="basicsTestNG.TestNGEnableTC" tests="2" failures="0" timestamp="05 Oct 2018 01:50:39 GMT" time="0.010" errors="0">
  <testcase name="enable" time="0.010" classname="basicsTestNG.TestNGEnableTC"/>
  <testcase name="disable" classname="basicsTestNG.TestNGEnableTC">
    <skipped/>
  </testcase> <!-- disable -->
</testsuite> <!-- basicsTestNG.TestNGEnableTC -->
