<?xml version="1.0" encoding="UTF-8"?>
<!-- Generated by org.testng.reporters.JUnitReportReporter -->
<testsuite skipped="0" hostname="DESKTOP-78D4HDH" name="basicsTestNG.TestNGExpectedExceptions" tests="1" failures="0" timestamp="05 Oct 2018 04:33:56 GMT" time="3.008" errors="0">
  <testcase name="testA2" time="3.008" classname="basicsTestNG.TestNGExpectedExceptions"/>
</testsuite> <!-- basicsTestNG.TestNGExpectedExceptions -->
