<?xml version="1.0" encoding="UTF-8"?>
<!-- Generated by org.testng.reporters.JUnitReportReporter -->
<testsuite skipped="0" hostname="DESKTOP-78D4HDH" name="basicsTestNG.TestNGAnnotationsSequencing" tests="2" failures="0" timestamp="05 Oct 2018 04:33:57 GMT" time="0.004" errors="0">
  <testcase name="testB" time="0.002" classname="basicsTestNG.TestNGAnnotationsSequencing"/>
  <testcase name="testA" time="0.002" classname="basicsTestNG.TestNGAnnotationsSequencing"/>
</testsuite> <!-- basicsTestNG.TestNGAnnotationsSequencing -->
