<?xml version="1.0" encoding="UTF-8"?>
<!-- Generated by org.testng.reporters.JUnitReportReporter -->
<testsuite skipped="0" hostname="DESKTOP-78D4HDH" name="basicsTestNG.TestNGGroups" tests="3" failures="0" timestamp="05 Oct 2018 00:57:24 GMT" time="28.754" errors="0">
  <testcase name="checkLogoPresence" time="9.170" classname="basicsTestNG.TestNGGroups"/>
  <testcase name="getTitle" time="9.239" classname="basicsTestNG.TestNGGroups"/>
  <testcase name="checkElementClickable" time="10.345" classname="basicsTestNG.TestNGGroups"/>
</testsuite> <!-- basicsTestNG.TestNGGroups -->
