<?xml version="1.0" encoding="UTF-8"?>
<!-- Generated by org.testng.reporters.JUnitReportReporter -->
<testsuite skipped="0" hostname="DESKTOP-78D4HDH" name="basicsTestNG.TestNGPriority" tests="3" failures="0" timestamp="05 Oct 2018 00:55:17 GMT" time="26.601" errors="0">
  <testcase name="checkLogoPresence" time="7.516" classname="basicsTestNG.TestNGPriority"/>
  <testcase name="getTitle" time="9.072" classname="basicsTestNG.TestNGPriority"/>
  <testcase name="checkElementClickable" time="10.013" classname="basicsTestNG.TestNGPriority"/>
</testsuite> <!-- basicsTestNG.TestNGPriority -->
