<?xml version="1.0" encoding="UTF-8"?>
<!-- Generated by org.testng.reporters.JUnitReportReporter -->
<testsuite skipped="0" hostname="DESKTOP-78D4HDH" name="basicsTestNG.TestNGDescriptions" tests="3" failures="0" timestamp="05 Oct 2018 04:33:56 GMT" time="0.007" errors="0">
  <testcase name="testA3" time="0.002" classname="basicsTestNG.TestNGDescriptions"/>
  <testcase name="testA1" time="0.003" classname="basicsTestNG.TestNGDescriptions"/>
  <testcase name="testA2" time="0.002" classname="basicsTestNG.TestNGDescriptions"/>
</testsuite> <!-- basicsTestNG.TestNGDescriptions -->
