<?xml version="1.0" encoding="UTF-8"?>
<!-- Generated by org.testng.reporters.JUnitReportReporter -->
<testsuite skipped="0" hostname="DESKTOP-78D4HDH" name="parametersConcept.TestNGParametersConcept" tests="1" failures="0" timestamp="05 Oct 2018 13:27:41 GMT" time="0.010" errors="0">
  <testcase name="testParameters" time="0.010" classname="parametersConcept.TestNGParametersConcept"/>
</testsuite> <!-- parametersConcept.TestNGParametersConcept -->
